[03Sep2025 00:02:46.860] [Server thread/INFO] [net.minecraft.server.MinecraftServer/]: Principyto has reached the goal [Skyslime Island]
[03Sep2025 00:07:07.616] [Server thread/WARN] [net.minecraft.server.network.ServerGamePacketListenerImpl/]: Bunfy_edd moved wrongly!
[03Sep2025 00:07:58.070] [Server thread/INFO] [net.minecraft.server.MinecraftServer/]: Principyto has made the advancement [Berrily Alive]
[03Sep2025 00:09:40.674] [Server thread/WARN] [net.minecraft.server.network.ServerGamePacketListenerImpl/]: Bunfy_edd moved wrongly!
[03Sep2025 00:10:59.477] [Server thread/INFO] [net.minecraft.server.MinecraftServer/]: Melosito_Neo has made the advancement [Enchanter]
[03Sep2025 00:11:57.983] [Server thread/INFO] [net.minecraft.world.entity.LivingEntity/]: Named entity Skeleton['Honeyed Archer'/163910, l='ServerLevel[world]', x=-1612.65, y=100.25, z=-350.29] died: Honeyed Archer suffocated in a wall
[03Sep2025 00:13:36.274] [Server thread/INFO] [net.minecraft.server.MinecraftServer/]: [Melosito_Neo: Set 30 experience levels on Melosito_Neo]
[03Sep2025 00:14:06.776] [Server thread/WARN] [net.minecraft.server.network.ServerGamePacketListenerImpl/]: entity.evilcraft.broom (vehicle of Bunfy_edd) moved too quickly! 1.6359360181172633,-1.879156989759096,14.104502458829757
[03Sep2025 00:14:06.777] [Server thread/WARN] [net.minecraft.server.network.ServerGamePacketListenerImpl/]: entity.evilcraft.broom (vehicle of Bunfy_edd) moved too quickly! 1.5353556528406216,-1.7357820610939143,13.116801679210539
[03Sep2025 00:14:06.777] [Server thread/WARN] [net.minecraft.server.network.ServerGamePacketListenerImpl/]: entity.evilcraft.broom (vehicle of Bunfy_edd) moved too quickly! 1.4285500626257317,-1.597355300067946,12.13630246206128
[03Sep2025 00:14:06.778] [Server thread/WARN] [net.minecraft.server.network.ServerGamePacketListenerImpl/]: entity.evilcraft.broom (vehicle of Bunfy_edd) moved too quickly! 1.3158838538788586,-1.4601045157598236,11.163319755468478
[03Sep2025 00:14:06.788] [Server thread/WARN] [net.minecraft.server.network.ServerGamePacketListenerImpl/]: entity.evilcraft.broom (vehicle of Bunfy_edd) moved too quickly! 1.1979004679408263,-1.3236939997532033,10.197456873924693
[03Sep2025 00:14:19.236] [Server thread/WARN] [net.minecraft.server.network.ServerGamePacketListenerImpl/]: entity.evilcraft.broom (vehicle of Bunfy_edd) moved too quickly! 2.663660755787987,1.9603293074362114,-13.488280310661025
[03Sep2025 00:14:19.237] [Server thread/WARN] [net.minecraft.server.network.ServerGamePacketListenerImpl/]: entity.evilcraft.broom (vehicle of Bunfy_edd) moved too quickly! 2.498610486467669,1.8448711806345557,-12.597932542329886
[03Sep2025 00:14:19.238] [Server thread/WARN] [net.minecraft.server.network.ServerGamePacketListenerImpl/]: entity.evilcraft.broom (vehicle of Bunfy_edd) moved too quickly! 2.3337362027971267,1.7275487221577492,-11.702748438219714
[03Sep2025 00:14:19.238] [Server thread/WARN] [net.minecraft.server.network.ServerGamePacketListenerImpl/]: entity.evilcraft.broom (vehicle of Bunfy_edd) moved too quickly! 2.1688556894512203,1.6087918334620497,-10.802651963981475
[03Sep2025 00:14:19.282] [Server thread/WARN] [net.minecraft.server.network.ServerGamePacketListenerImpl/]: entity.evilcraft.broom (vehicle of Bunfy_edd) moved too quickly! 2.1855149123107367,1.6464145911572814,-10.800548189789765
[03Sep2025 00:14:19.282] [Server thread/WARN] [net.minecraft.server.network.ServerGamePacketListenerImpl/]: entity.evilcraft.broom (vehicle of Bunfy_edd) moved too quickly! 2.0204669375459616,1.5270698477818314,-9.890888960282837
[03Sep2025 00:15:18.527] [Server thread/INFO] [net.minecraft.server.MinecraftServer/]: [Melosito_Neo: Teleported Principyto to Melosito_Neo]
[03Sep2025 00:20:23.825] [Server thread/WARN] [net.minecraft.server.network.ServerGamePacketListenerImpl/]: Bunfy_edd moved wrongly!
